This file contains any messages produced by compilers while
running configure, to aid debugging if configure makes a mistake.

It was created by variant configure 0.0, which was
generated by GNU Autoconf 2.59.  Invocation command line was

  $ ./configure 

## --------- ##
## Platform. ##
## --------- ##

hostname = cga02
uname -m = x86_64
uname -r = 2.6.32-504.23.4.el6.x86_64
uname -s = Linux
uname -v = #1 SMP Fri May 29 10:16:43 EDT 2015

/usr/bin/uname -p = unknown
/bin/uname -X     = unknown

/bin/arch              = x86_64
/usr/bin/arch -k       = unknown
/usr/convex/getsysinfo = unknown
hostinfo               = unknown
/bin/machine           = unknown
/usr/bin/oslevel       = unknown
/bin/universe          = unknown

PATH: /broad/software/free/Linux/redhat_6_x86_64/pkgs/gcc_4.9.0/bin
PATH: /broad/software/free/Linux/redhat_6_x86_64/pkgs/r_3.1.1-bioconductor-3.0/bin
PATH: /broad/software/free/Linux/redhat_6_x86_64/pkgs/git_1.8.5.6/bin
PATH: /broad/software/free/Linux/redhat_6_x86_64/pkgs/python_2.7.1-sqlite3-rtrees/bin
PATH: /broad/software/free/Linux/redhat_6_x86_64/pkgs/zlib_1.2.6/bin
PATH: /broad/software/free/Linux/redhat_6_x86_64/pkgs/hdf5_1.8.9/bin
PATH: /broad/software/free/Linux/redhat_6_x86_64/pkgs/graphviz_2.28.0/bin
PATH: /broad/software/free/Linux/redhat_6_x86_64/pkgs/db_4.7.25/bin
PATH: /broad/software/free/Linux/redhat_6_x86_64/pkgs/tcltk8.5.9/bin
PATH: /broad/software/free/Linux/redhat_6_x86_64/pkgs/bwa_0.7.4
PATH: /broad/software/free/Linux/redhat_6_x86_64/pkgs/samtools/samtools_1.2/bin
PATH: /broad/lsf9/9.1/linux2.6-glibc2.3-x86_64/etc
PATH: /broad/lsf9/9.1/linux2.6-glibc2.3-x86_64/bin
PATH: /broad/software/free/Linux/redhat_6_x86_64/pkgs/lsf_drmaa-1.1.1/bin
PATH: /home/unix/nhan/bin
PATH: /usr/local/bin
PATH: /bin
PATH: /usr/bin
PATH: /usr/local/sbin
PATH: /usr/sbin
PATH: /sbin


## ----------- ##
## Core tests. ##
## ----------- ##

configure:1348: error: cannot find install-sh or install.sh in . ./.. ./../..

## ---------------- ##
## Cache variables. ##
## ---------------- ##

ac_cv_env_CC_set=
ac_cv_env_CC_value=
ac_cv_env_CFLAGS_set=
ac_cv_env_CFLAGS_value=
ac_cv_env_CPPFLAGS_set=
ac_cv_env_CPPFLAGS_value=
ac_cv_env_CXXCPP_set=
ac_cv_env_CXXCPP_value=
ac_cv_env_CXXFLAGS_set=
ac_cv_env_CXXFLAGS_value=
ac_cv_env_CXX_set=
ac_cv_env_CXX_value=
ac_cv_env_LDFLAGS_set=
ac_cv_env_LDFLAGS_value=
ac_cv_env_build_alias_set=
ac_cv_env_build_alias_value=
ac_cv_env_host_alias_set=
ac_cv_env_host_alias_value=
ac_cv_env_target_alias_set=
ac_cv_env_target_alias_value=

## ----------------- ##
## Output variables. ##
## ----------------- ##

ACLOCAL=''
AMDEPBACKSLASH=''
AMDEP_FALSE=''
AMDEP_TRUE=''
AMTAR=''
AM_CXXFLAGS=''
AUTOCONF=''
AUTOHEADER=''
AUTOMAKE=''
AWK=''
CC=''
CCDEPMODE=''
CFLAGS=''
CPPFLAGS=''
CXX=''
CXXCPP=''
CXXDEPMODE=''
CXXFLAGS=''
CYGPATH_W=''
DEFS=''
DEPDIR=''
ECHO_C=''
ECHO_N='-n'
ECHO_T=''
EGREP=''
EXEEXT=''
INSTALL_DATA=''
INSTALL_PROGRAM=''
INSTALL_SCRIPT=''
INSTALL_STRIP_PROGRAM=''
LDFLAGS=''
LIBOBJS=''
LIBS=''
LTLIBOBJS=''
MAKEINFO=''
OBJEXT=''
PACKAGE=''
PACKAGE_BUGREPORT='jwala@broadinstitute.org'
PACKAGE_NAME='variant'
PACKAGE_STRING='variant 0.0'
PACKAGE_TARNAME='variant'
PACKAGE_VERSION='0.0'
PATH_SEPARATOR=':'
RANLIB=''
SET_MAKE=''
SHELL='/bin/sh'
STRIP=''
VERSION=''
ac_ct_CC=''
ac_ct_CXX=''
ac_ct_RANLIB=''
ac_ct_STRIP=''
am__fastdepCC_FALSE=''
am__fastdepCC_TRUE=''
am__fastdepCXX_FALSE=''
am__fastdepCXX_TRUE=''
am__include=''
am__leading_dot=''
am__quote=''
am__tar=''
am__untar=''
bindir='${exec_prefix}/bin'
build_alias=''
datadir='${prefix}/share'
exec_prefix='NONE'
host_alias=''
includedir='${prefix}/include'
infodir='${prefix}/info'
install_sh=''
libdir='${exec_prefix}/lib'
libexecdir='${exec_prefix}/libexec'
localstatedir='${prefix}/var'
mandir='${prefix}/man'
mkdir_p=''
oldincludedir='/usr/include'
prefix='NONE'
program_transform_name='s,x,x,'
sbindir='${exec_prefix}/sbin'
sharedstatedir='${prefix}/com'
sysconfdir='${prefix}/etc'
target_alias=''

## ----------- ##
## confdefs.h. ##
## ----------- ##

#define PACKAGE_BUGREPORT "jwala@broadinstitute.org"
#define PACKAGE_NAME "variant"
#define PACKAGE_STRING "variant 0.0"
#define PACKAGE_TARNAME "variant"
#define PACKAGE_VERSION "0.0"

configure: exit 1
